<?xml version="1.0" encoding="UTF-8"?>
<testsuite xmlns:xsi="http://www.w3.org/2001/XMLSchema-instance" xsi:noNamespaceSchemaLocation="https://maven.apache.org/surefire/maven-surefire-plugin/xsd/surefire-test-report.xsd" name="com.example.ContaBancariaTest" time="0.038" tests="4" errors="0" skipped="3" failures="0">
  <properties>
[...]
</properties>
  <testcase name="testOperacoesBancoInativo" classname="com.example.ContaBancariaTest" time="0.016"/>
  <testcase name="testDepositoBancoAtivo" classname="com.example.ContaBancariaTest" time="0">
    <skipped message="Assumption failed: Banco deve estar ativo" type="org.opentest4j.TestAbortedException">org.opentest4j.TestAbortedException: Assumption failed: Banco deve estar ativo
	at com.example.ContaBancariaTest.testDepositoBancoAtivo(ContaBancariaTest.java:29)
</skipped>
    <system-out><![CDATA[Iniciando testDepositoBancoAtivo
]]></system-out>
  </testcase>
  <testcase name="testSaqueBancoAtivoSaldoSuficiente" classname="com.example.ContaBancariaTest" time="0">
    <skipped message="Assumption failed: Banco deve estar ativo" type="org.opentest4j.TestAbortedException">org.opentest4j.TestAbortedException: Assumption failed: Banco deve estar ativo
	at com.example.ContaBancariaTest.testSaqueBancoAtivoSaldoSuficiente(ContaBancariaTest.java:39)
</skipped>
    <system-out><![CDATA[Iniciando testSaqueBancoAtivoSaldoSuficiente
]]></system-out>
  </testcase>
  <testcase name="testSaqueBancoAtivoSaldoInsuficiente" classname="com.example.ContaBancariaTest" time="0">
    <skipped message="Assumption failed: Banco deve estar ativo" type="org.opentest4j.TestAbortedException">org.opentest4j.TestAbortedException: Assumption failed: Banco deve estar ativo
	at com.example.ContaBancariaTest.testSaqueBancoAtivoSaldoInsuficiente(ContaBancariaTest.java:51)
</skipped>
    <system-out><![CDATA[Iniciando testSaqueBancoAtivoSaldoInsuficiente
]]></system-out>
  </testcase>
</testsuite>